<?xml version="1.0" encoding="UTF-8"?>
<testsuite name="co.proyecto.sacm.SacmApplicationTests" tests="1" skipped="0" failures="0" errors="0" timestamp="2025-09-28T03:36:52.268Z" hostname="DESKTOP-T9CJIGT" time="0.316">
  <properties/>
  <testcase name="contextLoads()" classname="co.proyecto.sacm.SacmApplicationTests" time="0.316"/>
  <system-out><![CDATA[22:36:46.877 [Test worker] INFO org.springframework.test.context.support.AnnotationConfigContextLoaderUtils -- Could not detect default configuration classes for test class [co.proyecto.sacm.SacmApplicationTests]: SacmApplicationTests does not declare any static, non-private, non-final, nested classes annotated with @Configuration.
22:36:46.970 [Test worker] INFO org.springframework.boot.test.context.SpringBootTestContextBootstrapper -- Found @SpringBootConfiguration co.proyecto.sacm.SacmApplication for test class co.proyecto.sacm.SacmApplicationTests

  .   ____          _            __ _ _
 /\\ / ___'_ __ _ _(_)_ __  __ _ \ \ \ \
( ( )\___ | '_ | '_| | '_ \/ _` | \ \ \ \
 \\/  ___)| |_)| | | | | || (_| |  ) ) ) )
  '  |____| .__|_| |_|_| |_\__, | / / / /
 =========|_|==============|___/=/_/_/_/

 :: Spring Boot ::                (v3.5.5)

2025-09-27T22:36:47.349-05:00  INFO 35280 --- [sacm] [    Test worker] co.proyecto.sacm.SacmApplicationTests    : Starting SacmApplicationTests using Java 21.0.8 with PID 35280 (started by USER in D:\SACM)
2025-09-27T22:36:47.350-05:00  INFO 35280 --- [sacm] [    Test worker] co.proyecto.sacm.SacmApplicationTests    : No active profile set, falling back to 1 default profile: "default"
2025-09-27T22:36:48.375-05:00  INFO 35280 --- [sacm] [    Test worker] .s.d.r.c.RepositoryConfigurationDelegate : Bootstrapping Spring Data JPA repositories in DEFAULT mode.
2025-09-27T22:36:48.446-05:00  INFO 35280 --- [sacm] [    Test worker] .s.d.r.c.RepositoryConfigurationDelegate : Finished Spring Data repository scanning in 53 ms. Found 3 JPA repository interfaces.
2025-09-27T22:36:49.059-05:00  INFO 35280 --- [sacm] [    Test worker] com.zaxxer.hikari.HikariDataSource       : HikariPool-1 - Starting...
2025-09-27T22:36:49.204-05:00  INFO 35280 --- [sacm] [    Test worker] com.zaxxer.hikari.pool.HikariPool        : HikariPool-1 - Added connection org.postgresql.jdbc.PgConnection@cf9bd1e
2025-09-27T22:36:49.205-05:00  INFO 35280 --- [sacm] [    Test worker] com.zaxxer.hikari.HikariDataSource       : HikariPool-1 - Start completed.
2025-09-27T22:36:49.227-05:00  INFO 35280 --- [sacm] [    Test worker] org.flywaydb.core.FlywayExecutor         : Database: jdbc:postgresql://localhost:5432/sacmbd (PostgreSQL 17.6)
2025-09-27T22:36:49.273-05:00  INFO 35280 --- [sacm] [    Test worker] o.f.core.internal.command.DbValidate     : Successfully validated 1 migration (execution time 00:00.028s)
2025-09-27T22:36:49.310-05:00  INFO 35280 --- [sacm] [    Test worker] o.f.core.internal.command.DbMigrate      : Current version of schema "public": 1
2025-09-27T22:36:49.313-05:00  INFO 35280 --- [sacm] [    Test worker] o.f.core.internal.command.DbMigrate      : Schema "public" is up to date. No migration necessary.
2025-09-27T22:36:49.417-05:00  INFO 35280 --- [sacm] [    Test worker] o.hibernate.jpa.internal.util.LogHelper  : HHH000204: Processing PersistenceUnitInfo [name: default]
2025-09-27T22:36:49.493-05:00  INFO 35280 --- [sacm] [    Test worker] org.hibernate.Version                    : HHH000412: Hibernate ORM core version 6.6.26.Final
2025-09-27T22:36:49.527-05:00  INFO 35280 --- [sacm] [    Test worker] o.h.c.internal.RegionFactoryInitiator    : HHH000026: Second-level cache disabled
2025-09-27T22:36:49.784-05:00  INFO 35280 --- [sacm] [    Test worker] o.s.o.j.p.SpringPersistenceUnitInfo      : No LoadTimeWeaver setup: ignoring JPA class transformer
2025-09-27T22:36:49.826-05:00  WARN 35280 --- [sacm] [    Test worker] org.hibernate.orm.deprecation            : HHH90000025: PostgreSQLDialect does not need to be specified explicitly using 'hibernate.dialect' (remove the property setting and it will be selected by default)
2025-09-27T22:36:49.837-05:00  INFO 35280 --- [sacm] [    Test worker] org.hibernate.orm.connections.pooling    : HHH10001005: Database info:
	Database JDBC URL [Connecting through datasource 'HikariDataSource (HikariPool-1)']
	Database driver: undefined/unknown
	Database version: 17.6
	Autocommit mode: undefined/unknown
	Isolation level: undefined/unknown
	Minimum pool size: undefined/unknown
	Maximum pool size: undefined/unknown
2025-09-27T22:36:50.468-05:00  INFO 35280 --- [sacm] [    Test worker] o.h.e.t.j.p.i.JtaPlatformInitiator       : HHH000489: No JTA platform available (set 'hibernate.transaction.jta.platform' to enable JTA platform integration)
2025-09-27T22:36:50.573-05:00  INFO 35280 --- [sacm] [    Test worker] j.LocalContainerEntityManagerFactoryBean : Initialized JPA EntityManagerFactory for persistence unit 'default'
2025-09-27T22:36:51.102-05:00  WARN 35280 --- [sacm] [    Test worker] JpaBaseConfiguration$JpaWebConfiguration : spring.jpa.open-in-view is enabled by default. Therefore, database queries may be performed during view rendering. Explicitly configure spring.jpa.open-in-view to disable this warning
2025-09-27T22:36:52.047-05:00  INFO 35280 --- [sacm] [    Test worker] o.s.b.a.e.web.EndpointLinksResolver      : Exposing 3 endpoints beneath base path '/actuator'
2025-09-27T22:36:52.127-05:00  INFO 35280 --- [sacm] [    Test worker] co.proyecto.sacm.SacmApplicationTests    : Started SacmApplicationTests in 5.016 seconds (process running for 5.893)
]]></system-out>
  <system-err><![CDATA[Mockito is currently self-attaching to enable the inline-mock-maker. This will no longer work in future releases of the JDK. Please add Mockito as an agent to your build as described in Mockito's documentation: https://javadoc.io/doc/org.mockito/mockito-core/latest/org.mockito/org/mockito/Mockito.html#0.3
WARNING: A Java agent has been loaded dynamically (D:\Gradle\caches\modules-2\files-2.1\net.bytebuddy\byte-buddy-agent\1.17.7\fbf3d6d649ed37fc9e9c59480a05be0a26e3c2da\byte-buddy-agent-1.17.7.jar)
WARNING: If a serviceability tool is in use, please run with -XX:+EnableDynamicAgentLoading to hide this warning
WARNING: If a serviceability tool is not in use, please run with -Djdk.instrument.traceUsage for more information
WARNING: Dynamic loading of agents will be disallowed by default in a future release
]]></system-err>
</testsuite>
